<?xml version="1.0" encoding="UTF-8"?>
<testng-results skipped="0" failed="0" ignored="0" total="1" passed="1">
  <reporter-output>
  </reporter-output>
  <suite name="Default suite" duration-ms="69427" started-at="2020-08-27T18:54:07 IST" finished-at="2020-08-27T18:55:16 IST">
    <groups>
    </groups>
    <test name="Default test" duration-ms="69427" started-at="2020-08-27T18:54:07 IST" finished-at="2020-08-27T18:55:16 IST">
      <class name="tests.ShrineGallery">
        <test-method status="PASS" signature="setup()[pri:0, instance:tests.ShrineGallery@536aaa8d]" name="setup" is-config="true" duration-ms="14047" started-at="2020-08-27T18:54:07 IST" finished-at="2020-08-27T18:54:21 IST">
          <reporter-output>
          </reporter-output>
        </test-method> <!-- setup -->
        <test-method status="PASS" signature="test1()[pri:0, instance:tests.ShrineGallery@536aaa8d]" name="test1" duration-ms="55330" started-at="2020-08-27T18:54:21 IST" finished-at="2020-08-27T18:55:16 IST">
          <reporter-output>
          </reporter-output>
        </test-method> <!-- test1 -->
        <test-method status="PASS" signature="teardown()[pri:0, instance:tests.ShrineGallery@536aaa8d]" name="teardown" is-config="true" duration-ms="0" started-at="2020-08-27T18:55:16 IST" finished-at="2020-08-27T18:55:16 IST">
          <reporter-output>
          </reporter-output>
        </test-method> <!-- teardown -->
      </class> <!-- tests.ShrineGallery -->
    </test> <!-- Default test -->
  </suite> <!-- Default suite -->
</testng-results>
